<?xml version="1.0" encoding="UTF-8"?>
<robot generator="Robot 7.3 (Python 3.9.6 on darwin)" generated="2025-07-10T16:41:35.694821" rpa="false" schemaversion="5">
<suite id="s1" name="Splash" source="/Users/RomeoBajada/Documents/github/ios_test_playground/TEST/splash.robot">
<test id="s1-t1" name="Verify Create Account Button is displayed" line="6">
<kw name="Open the AppendPay app on iOS Local" owner="COMMON">
<kw name="Open Application" owner="AppiumLibrary">
<arg>${iOS_REMOTE_URL}</arg>
<arg>platformName=${iOS_PLATFORM_NAME}</arg>
<arg>deviceName=${iOS_DEVICE_NAME}</arg>
<arg>platformVersion=${iOS_PLATFORM_VERSION}</arg>
<arg>automationName=${iOS_AUTOMATION_NAME}</arg>
<arg>app=${iOS_APP_BUNDLE_ID}</arg>
<arg>udid=${iOS_DEVICE_UDID}</arg>
<doc>Opens a new application to given Appium server.
Capabilities of appium server, Android and iOS,
Please check https://appium.io/docs/en/2.1/cli/args/
| *Option*            | *Man.* | *Description*     |
| remote_url          | Yes    | Appium server url |
| alias               | no     | alias             |
| strict_ssl          | No     | allows you to send commands to an invalid certificate host like a self-signed one. |</doc>
<status status="PASS" start="2025-07-10T16:41:35.826063" elapsed="2.657876"/>
</kw>
<status status="PASS" start="2025-07-10T16:41:35.825713" elapsed="2.658394"/>
</kw>
<kw name="Wait Until Page Contains Element" owner="AppiumLibrary">
<msg time="2025-07-10T16:41:38.641819" level="INFO">xpath criteria: //XCUIElementTypeButton[@name="Gumawa ng account"]</msg>
<arg>//XCUIElementTypeButton[@name="Gumawa ng account"]</arg>
<doc>Waits until element specified with `locator` appears on current page.</doc>
<status status="PASS" start="2025-07-10T16:41:38.484361" elapsed="0.157587"/>
</kw>
<kw name="Close Application" owner="AppiumLibrary" type="TEARDOWN">
<doc>Closes the current application and also close webdriver session.</doc>
<status status="PASS" start="2025-07-10T16:41:38.642415" elapsed="1.062958"/>
</kw>
<status status="PASS" start="2025-07-10T16:41:35.825353" elapsed="3.880364"/>
</test>
<status status="PASS" start="2025-07-10T16:41:35.695545" elapsed="4.011347"/>
</suite>
<statistics>
<total>
<stat pass="1" fail="0" skip="0">All Tests</stat>
</total>
<tag>
</tag>
<suite>
<stat name="Splash" id="s1" pass="1" fail="0" skip="0">Splash</stat>
</suite>
</statistics>
<errors>
<msg time="2025-07-10T16:41:35.824629" level="ERROR">Error in file '/Users/RomeoBajada/Documents/github/ios_test_playground/CONFIG/app_setting.robot' on line 19: Setting variable '${GIT_APP}' failed: Environment variable '%{IOS_APP_PATH}' not found.</msg>
<msg time="2025-07-10T16:41:35.824988" level="ERROR">Error in file '/Users/RomeoBajada/Documents/github/ios_test_playground/CONFIG/app_setting.robot' on line 20: Setting variable '${GIT_SIM_UUID}' failed: Environment variable '%{SIMULATOR_UDID}' not found.</msg>
</errors>
</robot>
